# JRE version: OpenJDK Runtime Environment (21.0.5) (build 21.0.5+-12932927-b750.29)
# Java VM: OpenJDK 64-Bit Server VM (21.0.5+-12932927-b750.29, mixed mode, tiered, compressed oops, compressed class ptrs, g1 gc, windows-amd64)
GC Precious Log:
 CardTable entry size: 512
 Card Set container configuration: InlinePtr #cards 5 size 8 Array Of Cards #cards 12 size 40 Howl #buckets 4 coarsen threshold 1843 Howl Bitmap #cards 512 size 80 coarsen threshold 460 Card regions per heap region 1 cards per card region 2048
 CPUs: 12 total, 12 available
 Memory: 16334M
 Large Page Support: Disabled
 NUMA Support: Disabled
 Compressed Oops: Enabled (32-bit)
 Heap Region Size: 1M
 Heap Min Capacity: 8M
 Heap Initial Capacity: 256M
 Heap Max Capacity: 2G
 Pre-touch: Disabled
 Parallel Workers: 10
 Concurrent Workers: 3
 Concurrent Refinement Workers: 10
 Periodic GC: Disabled
Heap:
 garbage-first heap   total 179200K, used 119316K [0x0000000080000000, 0x0000000100000000)
  region size 1024K, 11 young (11264K), 7 survivors (7168K)
 Metaspace       used 109998K, committed 112192K, reserved 1179648K
  class space    used 14773K, committed 15872K, reserved 1048576K
GC Heap History (20 events):
Event: 5.286 GC heap before
{Heap before GC invocations=16 (full 0):
 garbage-first heap   total 113664K, used 77163K [0x0000000080000000, 0x0000000100000000)
  region size 1024K, 10 young (10240K), 5 survivors (5120K)
 Metaspace       used 57211K, committed 58752K, reserved 1114112K
  class space    used 7757K, committed 8512K, reserved 1048576K
}
Event: 5.289 GC heap after
{Heap after GC invocations=17 (full 0):
 garbage-first heap   total 113664K, used 76171K [0x0000000080000000, 0x0000000100000000)
  region size 1024K, 2 young (2048K), 2 survivors (2048K)
 Metaspace       used 57211K, committed 58752K, reserved 1114112K
  class space    used 7757K, committed 8512K, reserved 1048576K
}
Event: 5.443 GC heap before
{Heap before GC invocations=18 (full 0):
 garbage-first heap   total 132096K, used 105867K [0x0000000080000000, 0x0000000100000000)
  region size 1024K, 29 young (29696K), 2 survivors (2048K)
 Metaspace       used 58959K, committed 60480K, reserved 1114112K
  class space    used 7899K, committed 8640K, reserved 1048576K
}
Event: 5.444 GC heap after
{Heap after GC invocations=19 (full 0):
 garbage-first heap   total 132096K, used 75485K [0x0000000080000000, 0x0000000100000000)
  region size 1024K, 1 young (1024K), 1 survivors (1024K)
 Metaspace       used 58959K, committed 60480K, reserved 1114112K
  class space    used 7899K, committed 8640K, reserved 1048576K
}
Event: 5.886 GC heap before
{Heap before GC invocations=19 (full 0):
 garbage-first heap   total 132096K, used 121565K [0x0000000080000000, 0x0000000100000000)
  region size 1024K, 46 young (47104K), 1 survivors (1024K)
 Metaspace       used 64428K, committed 66048K, reserved 1114112K
  class space    used 8686K, committed 9472K, reserved 1048576K
}
Event: 5.889 GC heap after
{Heap after GC invocations=20 (full 0):
 garbage-first heap   total 158720K, used 76711K [0x0000000080000000, 0x0000000100000000)
  region size 1024K, 3 young (3072K), 3 survivors (3072K)
 Metaspace       used 64428K, committed 66048K, reserved 1114112K
  class space    used 8686K, committed 9472K, reserved 1048576K
}
Event: 6.560 GC heap before
{Heap before GC invocations=20 (full 0):
 garbage-first heap   total 158720K, used 145319K [0x0000000080000000, 0x0000000100000000)
  region size 1024K, 70 young (71680K), 3 survivors (3072K)
 Metaspace       used 74523K, committed 76288K, reserved 1179648K
  class space    used 10011K, committed 10880K, reserved 1048576K
}
Event: 6.566 GC heap after
{Heap after GC invocations=21 (full 0):
 garbage-first heap   total 158720K, used 84088K [0x0000000080000000, 0x0000000100000000)
  region size 1024K, 9 young (9216K), 9 survivors (9216K)
 Metaspace       used 74523K, committed 76288K, reserved 1179648K
  class space    used 10011K, committed 10880K, reserved 1048576K
}
Event: 7.199 GC heap before
{Heap before GC invocations=22 (full 0):
 garbage-first heap   total 158720K, used 139384K [0x0000000080000000, 0x0000000100000000)
  region size 1024K, 63 young (64512K), 9 survivors (9216K)
 Metaspace       used 81382K, committed 83264K, reserved 1179648K
  class space    used 10976K, committed 11904K, reserved 1048576K
}
Event: 7.204 GC heap after
{Heap after GC invocations=23 (full 0):
 garbage-first heap   total 158720K, used 86996K [0x0000000080000000, 0x0000000100000000)
  region size 1024K, 3 young (3072K), 3 survivors (3072K)
 Metaspace       used 81382K, committed 83264K, reserved 1179648K
  class space    used 10976K, committed 11904K, reserved 1048576K
}
Event: 7.908 GC heap before
{Heap before GC invocations=23 (full 0):
 garbage-first heap   total 158720K, used 145364K [0x0000000080000000, 0x0000000100000000)
  region size 1024K, 60 young (61440K), 3 survivors (3072K)
 Metaspace       used 91432K, committed 93248K, reserved 1179648K
  class space    used 12660K, committed 13568K, reserved 1048576K
}
Event: 7.912 GC heap after
{Heap after GC invocations=24 (full 0):
 garbage-first heap   total 158720K, used 88816K [0x0000000080000000, 0x0000000100000000)
  region size 1024K, 5 young (5120K), 5 survivors (5120K)
 Metaspace       used 91432K, committed 93248K, reserved 1179648K
  class space    used 12660K, committed 13568K, reserved 1048576K
}
Event: 8.102 GC heap before
{Heap before GC invocations=24 (full 0):
 garbage-first heap   total 158720K, used 107248K [0x0000000080000000, 0x0000000100000000)
  region size 1024K, 24 young (24576K), 5 survivors (5120K)
 Metaspace       used 94253K, committed 96128K, reserved 1179648K
  class space    used 13023K, committed 13952K, reserved 1048576K
}
Event: 8.106 GC heap after
{Heap after GC invocations=25 (full 0):
 garbage-first heap   total 158720K, used 89380K [0x0000000080000000, 0x0000000100000000)
  region size 1024K, 3 young (3072K), 3 survivors (3072K)
 Metaspace       used 94253K, committed 96128K, reserved 1179648K
  class space    used 13023K, committed 13952K, reserved 1048576K
}
Event: 8.532 GC heap before
{Heap before GC invocations=26 (full 0):
 garbage-first heap   total 162816K, used 161060K [0x0000000080000000, 0x0000000100000000)
  region size 1024K, 58 young (59392K), 3 survivors (3072K)
 Metaspace       used 97379K, committed 99200K, reserved 1179648K
  class space    used 13391K, committed 14272K, reserved 1048576K
}
Event: 8.544 GC heap after
{Heap after GC invocations=27 (full 0):
 garbage-first heap   total 177152K, used 103405K [0x0000000080000000, 0x0000000100000000)
  region size 1024K, 8 young (8192K), 8 survivors (8192K)
 Metaspace       used 97379K, committed 99200K, reserved 1179648K
  class space    used 13391K, committed 14272K, reserved 1048576K
}
Event: 9.145 GC heap before
{Heap before GC invocations=27 (full 0):
 garbage-first heap   total 177152K, used 164845K [0x0000000080000000, 0x0000000100000000)
  region size 1024K, 61 young (62464K), 8 survivors (8192K)
 Metaspace       used 103830K, committed 105728K, reserved 1179648K
  class space    used 14105K, committed 15040K, reserved 1048576K
}
Event: 9.152 GC heap after
{Heap after GC invocations=28 (full 0):
 garbage-first heap   total 179200K, used 114361K [0x0000000080000000, 0x0000000100000000)
  region size 1024K, 4 young (4096K), 4 survivors (4096K)
 Metaspace       used 103830K, committed 105728K, reserved 1179648K
  class space    used 14105K, committed 15040K, reserved 1048576K
}
Event: 9.567 GC heap before
{Heap before GC invocations=28 (full 0):
 garbage-first heap   total 179200K, used 162489K [0x0000000080000000, 0x0000000100000000)
  region size 1024K, 51 young (52224K), 4 survivors (4096K)
 Metaspace       used 109662K, committed 111808K, reserved 1179648K
  class space    used 14720K, committed 15808K, reserved 1048576K
}
Event: 9.570 GC heap after
{Heap after GC invocations=29 (full 0):
 garbage-first heap   total 179200K, used 117268K [0x0000000080000000, 0x0000000100000000)
  region size 1024K, 7 young (7168K), 7 survivors (7168K)
 Metaspace       used 109662K, committed 111808K, reserved 1179648K
  class space    used 14720K, committed 15808K, reserved 1048576K
}

